----------

Thu Aug 29 2019 23:56:06 GMT-0400 (EDT)

To https://github.com/alexagriffith/alexagriffith.githhub.io.git
   4214b9e..28a6c2c  master -> master


----------

Thu Aug 29 2019 23:57:52 GMT-0400 (EDT)

To https://github.com/alexagriffith/alexagriffith.githhub.io.git
   28a6c2c..5b43a6f  master -> master


----------

Thu Aug 29 2019 23:58:03 GMT-0400 (EDT)

To https://github.com/alexagriffith/alexagriffith.githhub.io.git
   5b43a6f..e070dbe  master -> master


----------

Fri Aug 30 2019 00:01:00 GMT-0400 (EDT)

To https://github.com/alexagriffith/alexagriffith.githhub.io.git
   1a0b7a0..1276e35  master -> master


----------

Fri Aug 30 2019 00:24:18 GMT-0400 (EDT)

To https://github.com/alexagriffith/alexagriffith.githhub.io.git
   1276e35..838b991  master -> master


----------

Fri Aug 30 2019 00:25:38 GMT-0400 (EDT)

To https://github.com/alexagriffith/alexagriffith.githhub.io.git
   838b991..54d44e3  master -> master


----------

Fri Aug 30 2019 00:26:42 GMT-0400 (EDT)

To https://github.com/alexagriffith/alexagriffith.githhub.io.git
   54d44e3..007cbe6  master -> master


----------

Fri Aug 30 2019 00:27:21 GMT-0400 (EDT)

To https://github.com/alexagriffith/alexagriffith.githhub.io.git
   007cbe6..3ddbc1f  master -> master


----------

Fri Aug 30 2019 00:27:38 GMT-0400 (EDT)

To https://github.com/alexagriffith/alexagriffith.githhub.io.git
   3ddbc1f..80a778e  master -> master


----------

Fri Aug 30 2019 00:28:23 GMT-0400 (EDT)

To https://github.com/alexagriffith/alexagriffith.githhub.io.git
   80a778e..1335fde  master -> master


----------

Fri Aug 30 2019 00:28:37 GMT-0400 (EDT)

To https://github.com/alexagriffith/alexagriffith.githhub.io.git
   1335fde..9c07eb8  master -> master


----------

Fri Aug 30 2019 00:29:06 GMT-0400 (EDT)

To https://github.com/alexagriffith/alexagriffith.githhub.io.git
   9c07eb8..0cb82ba  master -> master


----------

Fri Aug 30 2019 00:29:08 GMT-0400 (EDT)

To https://github.com/alexagriffith/alexagriffith.githhub.io.git
   0cb82ba..3c19c16  master -> master


----------

Fri Aug 30 2019 00:34:13 GMT-0400 (EDT)

To https://github.com/alexagriffith/alexagriffith.githhub.io.git
   3c19c16..5216c91  master -> master


----------

Fri Aug 30 2019 00:35:53 GMT-0400 (EDT)

To https://github.com/alexagriffith/alexagriffith.githhub.io.git
   5216c91..a52afc9  master -> master


----------

Fri Aug 30 2019 00:38:44 GMT-0400 (EDT)

To https://github.com/alexagriffith/alexagriffith.githhub.io.git
   a52afc9..29b8f96  master -> master


